# JRE version: Java(TM) SE Runtime Environment (8.0_141-b15) (build 1.8.0_141-b15)
# Java VM: Java HotSpot(TM) Server VM (25.141-b15 mixed mode linux-x86 )
Heap:
 PSYoungGen      total 70912K, used 6143K [0x9d580000, 0xa2180000, 0xa7800000)
  eden space 64768K, 0% used [0x9d580000,0x9d580000,0xa14c0000)
  from space 6144K, 99% used [0xa14c0000,0xa1abfd20,0xa1ac0000)
  to   space 5376K, 0% used [0xa1ac0000,0xa1ac0000,0xa2000000)
 ParOldGen       total 22016K, used 10294K [0x89000000, 0x8a580000, 0x9d580000)
  object space 22016K, 46% used [0x89000000,0x89a0d820,0x8a580000)
 Metaspace       used 16090K, capacity 16330K, committed 16384K, reserved 16688K
GC Heap History (10 events):
Event: 3,471 GC heap after
Heap after GC invocations=2 (full 0):
 PSYoungGen      total 17664K, used 1264K [0x9d580000, 0x9e800000, 0xa7800000)
  eden space 16384K, 0% used [0x9d580000,0x9d580000,0x9e580000)
  from space 1280K, 98% used [0x9e6c0000,0x9e7fc100,0x9e800000)
  to   space 1280K, 0% used [0x9e580000,0x9e580000,0x9e6c0000)
 ParOldGen       total 22016K, used 2724K [0x89000000, 0x8a580000, 0x9d580000)
  object space 22016K, 12% used [0x89000000,0x892a9050,0x8a580000)
 Metaspace       used 5316K, capacity 5415K, committed 5528K, reserved 6448K
}
Event: 7,953 GC heap before
{Heap before GC invocations=3 (full 0):
 PSYoungGen      total 17664K, used 17648K [0x9d580000, 0x9e800000, 0xa7800000)
  eden space 16384K, 100% used [0x9d580000,0x9e580000,0x9e580000)
  from space 1280K, 98% used [0x9e6c0000,0x9e7fc100,0x9e800000)
  to   space 1280K, 0% used [0x9e580000,0x9e580000,0x9e6c0000)
 ParOldGen       total 22016K, used 2724K [0x89000000, 0x8a580000, 0x9d580000)
  object space 22016K, 12% used [0x89000000,0x892a9050,0x8a580000)
 Metaspace       used 6908K, capacity 7137K, committed 7192K, reserved 7472K
Event: 7,982 GC heap after
Heap after GC invocations=3 (full 0):
 PSYoungGen      total 17664K, used 1264K [0x9d580000, 0x9f800000, 0xa7800000)
  eden space 16384K, 0% used [0x9d580000,0x9d580000,0x9e580000)
  from space 1280K, 98% used [0x9e580000,0x9e6bc100,0x9e6c0000)
  to   space 1280K, 0% used [0x9f6c0000,0x9f6c0000,0x9f800000)
 ParOldGen       total 22016K, used 6179K [0x89000000, 0x8a580000, 0x9d580000)
  object space 22016K, 28% used [0x89000000,0x89608e30,0x8a580000)
 Metaspace       used 6908K, capacity 7137K, committed 7192K, reserved 7472K
}
Event: 8,026 GC heap before
{Heap before GC invocations=4 (full 0):
 PSYoungGen      total 17664K, used 17644K [0x9d580000, 0x9f800000, 0xa7800000)
  eden space 16384K, 99% used [0x9d580000,0x9e57f220,0x9e580000)
  from space 1280K, 98% used [0x9e580000,0x9e6bc100,0x9e6c0000)
  to   space 1280K, 0% used [0x9f6c0000,0x9f6c0000,0x9f800000)
 ParOldGen       total 22016K, used 6179K [0x89000000, 0x8a580000, 0x9d580000)
  object space 22016K, 28% used [0x89000000,0x89608e30,0x8a580000)
 Metaspace       used 6910K, capacity 7137K, committed 7192K, reserved 7472K
Event: 8,051 GC heap after
Heap after GC invocations=4 (full 0):
 PSYoungGen      total 34048K, used 1264K [0x9d580000, 0x9f800000, 0xa7800000)
  eden space 32768K, 0% used [0x9d580000,0x9d580000,0x9f580000)
  from space 1280K, 98% used [0x9f6c0000,0x9f7fc250,0x9f800000)
  to   space 1280K, 0% used [0x9f580000,0x9f580000,0x9f6c0000)
 ParOldGen       total 22016K, used 6271K [0x89000000, 0x8a580000, 0x9d580000)
  object space 22016K, 28% used [0x89000000,0x8961fe40,0x8a580000)
 Metaspace       used 6910K, capacity 7137K, committed 7192K, reserved 7472K
}
Event: 9,456 GC heap before
{Heap before GC invocations=5 (full 0):
 PSYoungGen      total 34048K, used 34032K [0x9d580000, 0x9f800000, 0xa7800000)
  eden space 32768K, 100% used [0x9d580000,0x9f580000,0x9f580000)
  from space 1280K, 98% used [0x9f6c0000,0x9f7fc250,0x9f800000)
  to   space 1280K, 0% used [0x9f580000,0x9f580000,0x9f6c0000)
 ParOldGen       total 22016K, used 6271K [0x89000000, 0x8a580000, 0x9d580000)
  object space 22016K, 28% used [0x89000000,0x8961fe40,0x8a580000)
 Metaspace       used 9781K, capacity 10005K, committed 10008K, reserved 10544K
Event: 9,463 GC heap after
Heap after GC invocations=5 (full 0):
 PSYoungGen      total 34048K, used 1272K [0x9d580000, 0xa2000000, 0xa7800000)
  eden space 32768K, 0% used [0x9d580000,0x9d580000,0x9f580000)
  from space 1280K, 99% used [0x9f580000,0x9f6be0d0,0x9f6c0000)
  to   space 5376K, 0% used [0xa1ac0000,0xa1ac0000,0xa2000000)
 ParOldGen       total 22016K, used 8650K [0x89000000, 0x8a580000, 0x9d580000)
  object space 22016K, 39% used [0x89000000,0x898729b0,0x8a580000)
 Metaspace       used 9781K, capacity 10005K, committed 10008K, reserved 10544K
}
Event: 11,527 GC heap before
{Heap before GC invocations=6 (full 0):
 PSYoungGen      total 34048K, used 34040K [0x9d580000, 0xa2000000, 0xa7800000)
  eden space 32768K, 100% used [0x9d580000,0x9f580000,0x9f580000)
  from space 1280K, 99% used [0x9f580000,0x9f6be0d0,0x9f6c0000)
  to   space 5376K, 0% used [0xa1ac0000,0xa1ac0000,0xa2000000)
 ParOldGen       total 22016K, used 8650K [0x89000000, 0x8a580000, 0x9d580000)
  object space 22016K, 39% used [0x89000000,0x898729b0,0x8a580000)
 Metaspace       used 13254K, capacity 13506K, committed 13592K, reserved 13616K
Event: 11,536 GC heap after
Heap after GC invocations=6 (full 0):
 PSYoungGen      total 70144K, used 5070K [0x9d580000, 0xa2180000, 0xa7800000)
  eden space 64768K, 0% used [0x9d580000,0x9d580000,0xa14c0000)
  from space 5376K, 94% used [0xa1ac0000,0xa1fb38b0,0xa2000000)
  to   space 6144K, 0% used [0xa14c0000,0xa14c0000,0xa1ac0000)
 ParOldGen       total 22016K, used 8654K [0x89000000, 0x8a580000, 0x9d580000)
  object space 22016K, 39% used [0x89000000,0x898739b0,0x8a580000)
 Metaspace       used 13254K, capacity 13506K, committed 13592K, reserved 13616K
}
Event: 12,965 GC heap before
{Heap before GC invocations=7 (full 0):
 PSYoungGen      total 70144K, used 49338K [0x9d580000, 0xa2180000, 0xa7800000)
  eden space 64768K, 68% used [0x9d580000,0xa00bb2a8,0xa14c0000)
  from space 5376K, 94% used [0xa1ac0000,0xa1fb38b0,0xa2000000)
  to   space 6144K, 0% used [0xa14c0000,0xa14c0000,0xa1ac0000)
 ParOldGen       total 22016K, used 8654K [0x89000000, 0x8a580000, 0x9d580000)
  object space 22016K, 39% used [0x89000000,0x898739b0,0x8a580000)
 Metaspace       used 16090K, capacity 16330K, committed 16384K, reserved 16688K

